c:\курсач\курсач\курсач\x64\debug\vc143.pdb
c:\курсач\курсач\курсач\x64\debug\.netframework,version=v4.7.2.assemblyattributes.obj
c:\курсач\курсач\курсач\x64\debug\myform.obj
c:\курсач\курсач\курсач\x64\debug\myform3.obj
c:\курсач\курсач\курсач\x64\debug\myform2.obj
c:\курсач\курсач\курсач\x64\debug\myform1.obj
c:\курсач\курсач\курсач\x64\debug\myform4.obj
c:\курсач\курсач\курсач\x64\debug\myform5.obj
c:\курсач\курсач\x64\debug\курсач.exe
c:\курсач\курсач\курсач\x64\debug\passeger.obj
c:\курсач\курсач\курсач\x64\debug\пассажиры.obj
c:\курсач\курсач\x64\debug\курсач.pdb
c:\курсач\курсач\курсач\x64\debug\курсач.tlog\cl.command.1.tlog
c:\курсач\курсач\курсач\x64\debug\курсач.tlog\cl.read.1.tlog
c:\курсач\курсач\курсач\x64\debug\курсач.tlog\cl.write.1.tlog
c:\курсач\курсач\курсач\x64\debug\курсач.tlog\link.command.1.tlog
c:\курсач\курсач\курсач\x64\debug\курсач.tlog\link.read.1.tlog
c:\курсач\курсач\курсач\x64\debug\курсач.tlog\link.write.1.tlog
c:\курсач\курсач\курсач\x64\debug\курсач.tlog\metagen.read.1.tlog
c:\курсач\курсач\курсач\x64\debug\курсач.tlog\metagen.write.1.tlog
c:\курсач\курсач\курсач\x64\debug\курсач.tlog\resgen.command.1.tlog
c:\курсач\курсач\курсач\x64\debug\курсач.tlog\resgen.read.1.tlog
c:\курсач\курсач\курсач\x64\debug\курсач.tlog\resgen.write.1.tlog
